Many modules are hidden in this stack. Use "module --show_hidden spider SOFTWARE" if you are not able to find the required software
images_metas keys 6362
points3d keys 15254851
 np.min(points3d.keys()), np.max(points3d.keys()) 1 15540941
Number of points:  15540942
Number of points with error < 1e1: 15254851
chunk 0_0
corner pos [-8.65e+02 -6.10e+02  1.00e+12] [-1.e+12 -1.e+12 -1.e+12] [-8.65e+02 -6.10e+02  1.00e+12] [-1.065e+03 -8.100e+02 -1.000e+12]
0 valid cameras after visibility-base selection
Chunk excluded 0
chunk 0_1
corner pos [-8.65e+02 -4.10e+02  1.00e+12] [-1.0e+12 -6.1e+02 -1.0e+12] [-8.65e+02 -4.10e+02  1.00e+12] [-1.065e+03 -6.100e+02 -1.000e+12]
0 valid cameras after visibility-base selection
Chunk excluded 0
chunk 0_2
corner pos [-8.65e+02 -2.10e+02  1.00e+12] [-1.0e+12 -4.1e+02 -1.0e+12] [-8.65e+02 -2.10e+02  1.00e+12] [-1.065e+03 -4.100e+02 -1.000e+12]
22 valid cameras after visibility-base selection
chunk 0_3
corner pos [-8.65e+02 -1.00e+01  1.00e+12] [-1.0e+12 -2.1e+02 -1.0e+12] [-8.65e+02 -1.00e+01  1.00e+12] [-1.065e+03 -2.100e+02 -1.000e+12]
107 valid cameras after visibility-base selection
chunk 0_4
corner pos [-8.65e+02  1.90e+02  1.00e+12] [-1.e+12 -1.e+01 -1.e+12] [-8.65e+02  1.90e+02  1.00e+12] [-1.065e+03 -1.000e+01 -1.000e+12]
46 valid cameras after visibility-base selection
chunk 0_5
corner pos [-8.65e+02  3.90e+02  1.00e+12] [-1.0e+12  1.9e+02 -1.0e+12] [-8.65e+02  3.90e+02  1.00e+12] [-1.065e+03  1.900e+02 -1.000e+12]
4 valid cameras after visibility-base selection
Chunk excluded 4
chunk 0_6
corner pos [-8.65e+02  5.90e+02  1.00e+12] [-1.0e+12  3.9e+02 -1.0e+12] [-8.65e+02  5.90e+02  1.00e+12] [-1.065e+03  3.900e+02 -1.000e+12]
0 valid cameras after visibility-base selection
Chunk excluded 0
chunk 0_7
corner pos [-8.65e+02  1.00e+12  1.00e+12] [-1.0e+12  5.9e+02 -1.0e+12] [-8.65e+02  7.90e+02  1.00e+12] [-1.065e+03  5.900e+02 -1.000e+12]
0 valid cameras after visibility-base selection
Chunk excluded 0
chunk 1_0
corner pos [-6.65e+02 -6.10e+02  1.00e+12] [-8.65e+02 -1.00e+12 -1.00e+12] [-6.65e+02 -6.10e+02  1.00e+12] [-8.65e+02 -8.10e+02 -1.00e+12]
0 valid cameras after visibility-base selection
Chunk excluded 0
chunk 1_1
corner pos [-6.65e+02 -4.10e+02  1.00e+12] [-8.65e+02 -6.10e+02 -1.00e+12] [-6.65e+02 -4.10e+02  1.00e+12] [-8.65e+02 -6.10e+02 -1.00e+12]
6 valid cameras after visibility-base selection
Chunk excluded 6
chunk 1_2
corner pos [-6.65e+02 -2.10e+02  1.00e+12] [-8.65e+02 -4.10e+02 -1.00e+12] [-6.65e+02 -2.10e+02  1.00e+12] [-8.65e+02 -4.10e+02 -1.00e+12]
157 valid cameras after visibility-base selection
chunk 1_3
corner pos [-6.65e+02 -1.00e+01  1.00e+12] [-8.65e+02 -2.10e+02 -1.00e+12] [-6.65e+02 -1.00e+01  1.00e+12] [-8.65e+02 -2.10e+02 -1.00e+12]
298 valid cameras after visibility-base selection
chunk 1_4
corner pos [-6.65e+02  1.90e+02  1.00e+12] [-8.65e+02 -1.00e+01 -1.00e+12] [-6.65e+02  1.90e+02  1.00e+12] [-8.65e+02 -1.00e+01 -1.00e+12]
212 valid cameras after visibility-base selection
chunk 1_5
corner pos [-6.65e+02  3.90e+02  1.00e+12] [-8.65e+02  1.90e+02 -1.00e+12] [-6.65e+02  3.90e+02  1.00e+12] [-8.65e+02  1.90e+02 -1.00e+12]
111 valid cameras after visibility-base selection
chunk 1_6
corner pos [-6.65e+02  5.90e+02  1.00e+12] [-8.65e+02  3.90e+02 -1.00e+12] [-6.65e+02  5.90e+02  1.00e+12] [-8.65e+02  3.90e+02 -1.00e+12]
19 valid cameras after visibility-base selection
chunk 1_7
corner pos [-6.65e+02  1.00e+12  1.00e+12] [-8.65e+02  5.90e+02 -1.00e+12] [-6.65e+02  7.90e+02  1.00e+12] [-8.65e+02  5.90e+02 -1.00e+12]
1 valid cameras after visibility-base selection
Chunk excluded 1
chunk 2_0
corner pos [-4.65e+02 -6.10e+02  1.00e+12] [-6.65e+02 -1.00e+12 -1.00e+12] [-4.65e+02 -6.10e+02  1.00e+12] [-6.65e+02 -8.10e+02 -1.00e+12]
0 valid cameras after visibility-base selection
Chunk excluded 0
chunk 2_1
corner pos [-4.65e+02 -4.10e+02  1.00e+12] [-6.65e+02 -6.10e+02 -1.00e+12] [-4.65e+02 -4.10e+02  1.00e+12] [-6.65e+02 -6.10e+02 -1.00e+12]
70 valid cameras after visibility-base selection
chunk 2_2
corner pos [-4.65e+02 -2.10e+02  1.00e+12] [-6.65e+02 -4.10e+02 -1.00e+12] [-4.65e+02 -2.10e+02  1.00e+12] [-6.65e+02 -4.10e+02 -1.00e+12]
274 valid cameras after visibility-base selection
chunk 2_3
corner pos [-4.65e+02 -1.00e+01  1.00e+12] [-6.65e+02 -2.10e+02 -1.00e+12] [-4.65e+02 -1.00e+01  1.00e+12] [-6.65e+02 -2.10e+02 -1.00e+12]
322 valid cameras after visibility-base selection
chunk 2_4
corner pos [-4.65e+02  1.90e+02  1.00e+12] [-6.65e+02 -1.00e+01 -1.00e+12] [-4.65e+02  1.90e+02  1.00e+12] [-6.65e+02 -1.00e+01 -1.00e+12]
296 valid cameras after visibility-base selection
chunk 2_5
corner pos [-4.65e+02  3.90e+02  1.00e+12] [-6.65e+02  1.90e+02 -1.00e+12] [-4.65e+02  3.90e+02  1.00e+12] [-6.65e+02  1.90e+02 -1.00e+12]
286 valid cameras after visibility-base selection
chunk 2_6
corner pos [-4.65e+02  5.90e+02  1.00e+12] [-6.65e+02  3.90e+02 -1.00e+12] [-4.65e+02  5.90e+02  1.00e+12] [-6.65e+02  3.90e+02 -1.00e+12]
174 valid cameras after visibility-base selection
chunk 2_7
corner pos [-4.65e+02  1.00e+12  1.00e+12] [-6.65e+02  5.90e+02 -1.00e+12] [-4.65e+02  7.90e+02  1.00e+12] [-6.65e+02  5.90e+02 -1.00e+12]
34 valid cameras after visibility-base selection
chunk 3_0
corner pos [-2.65e+02 -6.10e+02  1.00e+12] [-4.65e+02 -1.00e+12 -1.00e+12] [-2.65e+02 -6.10e+02  1.00e+12] [-4.65e+02 -8.10e+02 -1.00e+12]
8 valid cameras after visibility-base selection
Chunk excluded 8
chunk 3_1
corner pos [-2.65e+02 -4.10e+02  1.00e+12] [-4.65e+02 -6.10e+02 -1.00e+12] [-2.65e+02 -4.10e+02  1.00e+12] [-4.65e+02 -6.10e+02 -1.00e+12]
193 valid cameras after visibility-base selection
chunk 3_2
corner pos [-2.65e+02 -2.10e+02  1.00e+12] [-4.65e+02 -4.10e+02 -1.00e+12] [-2.65e+02 -2.10e+02  1.00e+12] [-4.65e+02 -4.10e+02 -1.00e+12]
349 valid cameras after visibility-base selection
chunk 3_3
corner pos [-2.65e+02 -1.00e+01  1.00e+12] [-4.65e+02 -2.10e+02 -1.00e+12] [-2.65e+02 -1.00e+01  1.00e+12] [-4.65e+02 -2.10e+02 -1.00e+12]
355 valid cameras after visibility-base selection
chunk 3_4
corner pos [-2.65e+02  1.90e+02  1.00e+12] [-4.65e+02 -1.00e+01 -1.00e+12] [-2.65e+02  1.90e+02  1.00e+12] [-4.65e+02 -1.00e+01 -1.00e+12]
288 valid cameras after visibility-base selection
chunk 3_5
corner pos [-2.65e+02  3.90e+02  1.00e+12] [-4.65e+02  1.90e+02 -1.00e+12] [-2.65e+02  3.90e+02  1.00e+12] [-4.65e+02  1.90e+02 -1.00e+12]
349 valid cameras after visibility-base selection
chunk 3_6
corner pos [-2.65e+02  5.90e+02  1.00e+12] [-4.65e+02  3.90e+02 -1.00e+12] [-2.65e+02  5.90e+02  1.00e+12] [-4.65e+02  3.90e+02 -1.00e+12]
299 valid cameras after visibility-base selection
chunk 3_7
corner pos [-2.65e+02  1.00e+12  1.00e+12] [-4.65e+02  5.90e+02 -1.00e+12] [-2.65e+02  7.90e+02  1.00e+12] [-4.65e+02  5.90e+02 -1.00e+12]
119 valid cameras after visibility-base selection
chunk 4_0
corner pos [-6.5e+01 -6.1e+02  1.0e+12] [-2.65e+02 -1.00e+12 -1.00e+12] [-6.5e+01 -6.1e+02  1.0e+12] [-2.65e+02 -8.10e+02 -1.00e+12]
70 valid cameras after visibility-base selection
chunk 4_1
corner pos [-6.5e+01 -4.1e+02  1.0e+12] [-2.65e+02 -6.10e+02 -1.00e+12] [-6.5e+01 -4.1e+02  1.0e+12] [-2.65e+02 -6.10e+02 -1.00e+12]
317 valid cameras after visibility-base selection
chunk 4_2
corner pos [-6.5e+01 -2.1e+02  1.0e+12] [-2.65e+02 -4.10e+02 -1.00e+12] [-6.5e+01 -2.1e+02  1.0e+12] [-2.65e+02 -4.10e+02 -1.00e+12]
373 valid cameras after visibility-base selection
chunk 4_3
corner pos [-6.5e+01 -1.0e+01  1.0e+12] [-2.65e+02 -2.10e+02 -1.00e+12] [-6.5e+01 -1.0e+01  1.0e+12] [-2.65e+02 -2.10e+02 -1.00e+12]
404 valid cameras after visibility-base selection
chunk 4_4
corner pos [-6.5e+01  1.9e+02  1.0e+12] [-2.65e+02 -1.00e+01 -1.00e+12] [-6.5e+01  1.9e+02  1.0e+12] [-2.65e+02 -1.00e+01 -1.00e+12]
317 valid cameras after visibility-base selection
chunk 4_5
corner pos [-6.5e+01  3.9e+02  1.0e+12] [-2.65e+02  1.90e+02 -1.00e+12] [-6.5e+01  3.9e+02  1.0e+12] [-2.65e+02  1.90e+02 -1.00e+12]
319 valid cameras after visibility-base selection
chunk 4_6
corner pos [-6.5e+01  5.9e+02  1.0e+12] [-2.65e+02  3.90e+02 -1.00e+12] [-6.5e+01  5.9e+02  1.0e+12] [-2.65e+02  3.90e+02 -1.00e+12]
292 valid cameras after visibility-base selection
chunk 4_7
corner pos [-6.5e+01  1.0e+12  1.0e+12] [-2.65e+02  5.90e+02 -1.00e+12] [-6.5e+01  7.9e+02  1.0e+12] [-2.65e+02  5.90e+02 -1.00e+12]
118 valid cameras after visibility-base selection
chunk 5_0
corner pos [ 1.35e+02 -6.10e+02  1.00e+12] [-6.5e+01 -1.0e+12 -1.0e+12] [ 1.35e+02 -6.10e+02  1.00e+12] [-6.5e+01 -8.1e+02 -1.0e+12]
165 valid cameras after visibility-base selection
chunk 5_1
corner pos [ 1.35e+02 -4.10e+02  1.00e+12] [-6.5e+01 -6.1e+02 -1.0e+12] [ 1.35e+02 -4.10e+02  1.00e+12] [-6.5e+01 -6.1e+02 -1.0e+12]
336 valid cameras after visibility-base selection
chunk 5_2
corner pos [ 1.35e+02 -2.10e+02  1.00e+12] [-6.5e+01 -4.1e+02 -1.0e+12] [ 1.35e+02 -2.10e+02  1.00e+12] [-6.5e+01 -4.1e+02 -1.0e+12]
329 valid cameras after visibility-base selection
chunk 5_3
corner pos [ 1.35e+02 -1.00e+01  1.00e+12] [-6.5e+01 -2.1e+02 -1.0e+12] [ 1.35e+02 -1.00e+01  1.00e+12] [-6.5e+01 -2.1e+02 -1.0e+12]
342 valid cameras after visibility-base selection
chunk 5_4
corner pos [1.35e+02 1.90e+02 1.00e+12] [-6.5e+01 -1.0e+01 -1.0e+12] [1.35e+02 1.90e+02 1.00e+12] [-6.5e+01 -1.0e+01 -1.0e+12]
387 valid cameras after visibility-base selection
chunk 5_5
corner pos [1.35e+02 3.90e+02 1.00e+12] [-6.5e+01  1.9e+02 -1.0e+12] [1.35e+02 3.90e+02 1.00e+12] [-6.5e+01  1.9e+02 -1.0e+12]
309 valid cameras after visibility-base selection
chunk 5_6
corner pos [1.35e+02 5.90e+02 1.00e+12] [-6.5e+01  3.9e+02 -1.0e+12] [1.35e+02 5.90e+02 1.00e+12] [-6.5e+01  3.9e+02 -1.0e+12]
301 valid cameras after visibility-base selection
chunk 5_7
corner pos [1.35e+02 1.00e+12 1.00e+12] [-6.5e+01  5.9e+02 -1.0e+12] [1.35e+02 7.90e+02 1.00e+12] [-6.5e+01  5.9e+02 -1.0e+12]
128 valid cameras after visibility-base selection
chunk 6_0
corner pos [ 3.35e+02 -6.10e+02  1.00e+12] [ 1.35e+02 -1.00e+12 -1.00e+12] [ 3.35e+02 -6.10e+02  1.00e+12] [ 1.35e+02 -8.10e+02 -1.00e+12]
163 valid cameras after visibility-base selection
chunk 6_1
corner pos [ 3.35e+02 -4.10e+02  1.00e+12] [ 1.35e+02 -6.10e+02 -1.00e+12] [ 3.35e+02 -4.10e+02  1.00e+12] [ 1.35e+02 -6.10e+02 -1.00e+12]
418 valid cameras after visibility-base selection
chunk 6_2
corner pos [ 3.35e+02 -2.10e+02  1.00e+12] [ 1.35e+02 -4.10e+02 -1.00e+12] [ 3.35e+02 -2.10e+02  1.00e+12] [ 1.35e+02 -4.10e+02 -1.00e+12]
367 valid cameras after visibility-base selection
chunk 6_3
corner pos [ 3.35e+02 -1.00e+01  1.00e+12] [ 1.35e+02 -2.10e+02 -1.00e+12] [ 3.35e+02 -1.00e+01  1.00e+12] [ 1.35e+02 -2.10e+02 -1.00e+12]
444 valid cameras after visibility-base selection
chunk 6_4
corner pos [3.35e+02 1.90e+02 1.00e+12] [ 1.35e+02 -1.00e+01 -1.00e+12] [3.35e+02 1.90e+02 1.00e+12] [ 1.35e+02 -1.00e+01 -1.00e+12]
411 valid cameras after visibility-base selection
chunk 6_5
corner pos [3.35e+02 3.90e+02 1.00e+12] [ 1.35e+02  1.90e+02 -1.00e+12] [3.35e+02 3.90e+02 1.00e+12] [ 1.35e+02  1.90e+02 -1.00e+12]
331 valid cameras after visibility-base selection
chunk 6_6
corner pos [3.35e+02 5.90e+02 1.00e+12] [ 1.35e+02  3.90e+02 -1.00e+12] [3.35e+02 5.90e+02 1.00e+12] [ 1.35e+02  3.90e+02 -1.00e+12]
325 valid cameras after visibility-base selection
chunk 6_7
corner pos [3.35e+02 1.00e+12 1.00e+12] [ 1.35e+02  5.90e+02 -1.00e+12] [3.35e+02 7.90e+02 1.00e+12] [ 1.35e+02  5.90e+02 -1.00e+12]
133 valid cameras after visibility-base selection
chunk 7_0
corner pos [ 5.35e+02 -6.10e+02  1.00e+12] [ 3.35e+02 -1.00e+12 -1.00e+12] [ 5.35e+02 -6.10e+02  1.00e+12] [ 3.35e+02 -8.10e+02 -1.00e+12]
93 valid cameras after visibility-base selection
chunk 7_1
corner pos [ 5.35e+02 -4.10e+02  1.00e+12] [ 3.35e+02 -6.10e+02 -1.00e+12] [ 5.35e+02 -4.10e+02  1.00e+12] [ 3.35e+02 -6.10e+02 -1.00e+12]
358 valid cameras after visibility-base selection
chunk 7_2
corner pos [ 5.35e+02 -2.10e+02  1.00e+12] [ 3.35e+02 -4.10e+02 -1.00e+12] [ 5.35e+02 -2.10e+02  1.00e+12] [ 3.35e+02 -4.10e+02 -1.00e+12]
383 valid cameras after visibility-base selection
chunk 7_3
corner pos [ 5.35e+02 -1.00e+01  1.00e+12] [ 3.35e+02 -2.10e+02 -1.00e+12] [ 5.35e+02 -1.00e+01  1.00e+12] [ 3.35e+02 -2.10e+02 -1.00e+12]
385 valid cameras after visibility-base selection
chunk 7_4
corner pos [5.35e+02 1.90e+02 1.00e+12] [ 3.35e+02 -1.00e+01 -1.00e+12] [5.35e+02 1.90e+02 1.00e+12] [ 3.35e+02 -1.00e+01 -1.00e+12]
393 valid cameras after visibility-base selection
chunk 7_5
corner pos [5.35e+02 3.90e+02 1.00e+12] [ 3.35e+02  1.90e+02 -1.00e+12] [5.35e+02 3.90e+02 1.00e+12] [ 3.35e+02  1.90e+02 -1.00e+12]
334 valid cameras after visibility-base selection
chunk 7_6
corner pos [5.35e+02 5.90e+02 1.00e+12] [ 3.35e+02  3.90e+02 -1.00e+12] [5.35e+02 5.90e+02 1.00e+12] [ 3.35e+02  3.90e+02 -1.00e+12]
292 valid cameras after visibility-base selection
chunk 7_7
corner pos [5.35e+02 1.00e+12 1.00e+12] [ 3.35e+02  5.90e+02 -1.00e+12] [5.35e+02 7.90e+02 1.00e+12] [ 3.35e+02  5.90e+02 -1.00e+12]
91 valid cameras after visibility-base selection
chunk 8_0
corner pos [ 7.35e+02 -6.10e+02  1.00e+12] [ 5.35e+02 -1.00e+12 -1.00e+12] [ 7.35e+02 -6.10e+02  1.00e+12] [ 5.35e+02 -8.10e+02 -1.00e+12]
28 valid cameras after visibility-base selection
chunk 8_1
corner pos [ 7.35e+02 -4.10e+02  1.00e+12] [ 5.35e+02 -6.10e+02 -1.00e+12] [ 7.35e+02 -4.10e+02  1.00e+12] [ 5.35e+02 -6.10e+02 -1.00e+12]
196 valid cameras after visibility-base selection
chunk 8_2
corner pos [ 7.35e+02 -2.10e+02  1.00e+12] [ 5.35e+02 -4.10e+02 -1.00e+12] [ 7.35e+02 -2.10e+02  1.00e+12] [ 5.35e+02 -4.10e+02 -1.00e+12]
344 valid cameras after visibility-base selection
chunk 8_3
corner pos [ 7.35e+02 -1.00e+01  1.00e+12] [ 5.35e+02 -2.10e+02 -1.00e+12] [ 7.35e+02 -1.00e+01  1.00e+12] [ 5.35e+02 -2.10e+02 -1.00e+12]
384 valid cameras after visibility-base selection
chunk 8_4
corner pos [7.35e+02 1.90e+02 1.00e+12] [ 5.35e+02 -1.00e+01 -1.00e+12] [7.35e+02 1.90e+02 1.00e+12] [ 5.35e+02 -1.00e+01 -1.00e+12]
318 valid cameras after visibility-base selection
chunk 8_5
corner pos [7.35e+02 3.90e+02 1.00e+12] [ 5.35e+02  1.90e+02 -1.00e+12] [7.35e+02 3.90e+02 1.00e+12] [ 5.35e+02  1.90e+02 -1.00e+12]
225 valid cameras after visibility-base selection
chunk 8_6
corner pos [7.35e+02 5.90e+02 1.00e+12] [ 5.35e+02  3.90e+02 -1.00e+12] [7.35e+02 5.90e+02 1.00e+12] [ 5.35e+02  3.90e+02 -1.00e+12]
101 valid cameras after visibility-base selection
chunk 8_7
corner pos [7.35e+02 1.00e+12 1.00e+12] [ 5.35e+02  5.90e+02 -1.00e+12] [7.35e+02 7.90e+02 1.00e+12] [ 5.35e+02  5.90e+02 -1.00e+12]
8 valid cameras after visibility-base selection
Chunk excluded 8
chunk 9_0
corner pos [ 1.0e+12 -6.1e+02  1.0e+12] [ 7.35e+02 -1.00e+12 -1.00e+12] [ 9.35e+02 -6.10e+02  1.00e+12] [ 7.35e+02 -8.10e+02 -1.00e+12]
0 valid cameras after visibility-base selection
Chunk excluded 0
chunk 9_1
corner pos [ 1.0e+12 -4.1e+02  1.0e+12] [ 7.35e+02 -6.10e+02 -1.00e+12] [ 9.35e+02 -4.10e+02  1.00e+12] [ 7.35e+02 -6.10e+02 -1.00e+12]
29 valid cameras after visibility-base selection
chunk 9_2
corner pos [ 1.0e+12 -2.1e+02  1.0e+12] [ 7.35e+02 -4.10e+02 -1.00e+12] [ 9.35e+02 -2.10e+02  1.00e+12] [ 7.35e+02 -4.10e+02 -1.00e+12]
113 valid cameras after visibility-base selection
chunk 9_3
corner pos [ 1.e+12 -1.e+01  1.e+12] [ 7.35e+02 -2.10e+02 -1.00e+12] [ 9.35e+02 -1.00e+01  1.00e+12] [ 7.35e+02 -2.10e+02 -1.00e+12]
145 valid cameras after visibility-base selection
chunk 9_4
corner pos [1.0e+12 1.9e+02 1.0e+12] [ 7.35e+02 -1.00e+01 -1.00e+12] [9.35e+02 1.90e+02 1.00e+12] [ 7.35e+02 -1.00e+01 -1.00e+12]
103 valid cameras after visibility-base selection
chunk 9_5
corner pos [1.0e+12 3.9e+02 1.0e+12] [ 7.35e+02  1.90e+02 -1.00e+12] [9.35e+02 3.90e+02 1.00e+12] [ 7.35e+02  1.90e+02 -1.00e+12]
37 valid cameras after visibility-base selection
chunk 9_6
corner pos [1.0e+12 5.9e+02 1.0e+12] [ 7.35e+02  3.90e+02 -1.00e+12] [9.35e+02 5.90e+02 1.00e+12] [ 7.35e+02  3.90e+02 -1.00e+12]
6 valid cameras after visibility-base selection
Chunk excluded 6
chunk 9_7
corner pos [1.e+12 1.e+12 1.e+12] [ 7.35e+02  5.90e+02 -1.00e+12] [9.35e+02 7.90e+02 1.00e+12] [ 7.35e+02  5.90e+02 -1.00e+12]
0 valid cameras after visibility-base selection
Chunk excluded 0
Content written to /cluster/work/cvl/qimaqi/cvpr_2025/datasets/MatrixCity/colmap_aerial/camera_calibration/aligned/chunks.txt
chunking colmap from /cluster/work/cvl/qimaqi/cvpr_2025/datasets/MatrixCity/colmap_aerial/camera_calibration/aligned to /raw_chunks
Starting per chunk triangulation and bundle adjustment (if required)
Launched triangulation for [1 / 66 chunks].
Logs in /cluster/work/cvl/qimaqi/cvpr_2025/datasets/MatrixCity/colmap_aerial/camera_calibration/raw_chunks/6_4/log.err (or .out)
Launched triangulation for [2 / 66 chunks].
Logs in /cluster/work/cvl/qimaqi/cvpr_2025/datasets/MatrixCity/colmap_aerial/camera_calibration/raw_chunks/9_4/log.err (or .out)
Launched triangulation for [3 / 66 chunks].
Logs in /cluster/work/cvl/qimaqi/cvpr_2025/datasets/MatrixCity/colmap_aerial/camera_calibration/raw_chunks/6_2/log.err (or .out)
Launched triangulation for [4 / 66 chunks].
Logs in /cluster/work/cvl/qimaqi/cvpr_2025/datasets/MatrixCity/colmap_aerial/camera_calibration/raw_chunks/9_5/log.err (or .out)
Launched triangulation for [5 / 66 chunks].
Logs in /cluster/work/cvl/qimaqi/cvpr_2025/datasets/MatrixCity/colmap_aerial/camera_calibration/raw_chunks/4_3/log.err (or .out)
Launched triangulation for [6 / 66 chunks].
Logs in /cluster/work/cvl/qimaqi/cvpr_2025/datasets/MatrixCity/colmap_aerial/camera_calibration/raw_chunks/2_5/log.err (or .out)
Launched triangulation for [7 / 66 chunks].
Logs in /cluster/work/cvl/qimaqi/cvpr_2025/datasets/MatrixCity/colmap_aerial/camera_calibration/raw_chunks/8_6/log.err (or .out)
Launched triangulation for [8 / 66 chunks].
Logs in /cluster/work/cvl/qimaqi/cvpr_2025/datasets/MatrixCity/colmap_aerial/camera_calibration/raw_chunks/4_4/log.err (or .out)
Launched triangulation for [9 / 66 chunks].
Logs in /cluster/work/cvl/qimaqi/cvpr_2025/datasets/MatrixCity/colmap_aerial/camera_calibration/raw_chunks/5_2/log.err (or .out)
Launched triangulation for [10 / 66 chunks].
Logs in /cluster/work/cvl/qimaqi/cvpr_2025/datasets/MatrixCity/colmap_aerial/camera_calibration/raw_chunks/8_0/log.err (or .out)
Launched triangulation for [11 / 66 chunks].
Logs in /cluster/work/cvl/qimaqi/cvpr_2025/datasets/MatrixCity/colmap_aerial/camera_calibration/raw_chunks/4_6/log.err (or .out)
Launched triangulation for [12 / 66 chunks].
Logs in /cluster/work/cvl/qimaqi/cvpr_2025/datasets/MatrixCity/colmap_aerial/camera_calibration/raw_chunks/4_2/log.err (or .out)
Launched triangulation for [13 / 66 chunks].
Logs in /cluster/work/cvl/qimaqi/cvpr_2025/datasets/MatrixCity/colmap_aerial/camera_calibration/raw_chunks/1_5/log.err (or .out)
Launched triangulation for [14 / 66 chunks].
Logs in /cluster/work/cvl/qimaqi/cvpr_2025/datasets/MatrixCity/colmap_aerial/camera_calibration/raw_chunks/3_3/log.err (or .out)
Launched triangulation for [15 / 66 chunks].
Logs in /cluster/work/cvl/qimaqi/cvpr_2025/datasets/MatrixCity/colmap_aerial/camera_calibration/raw_chunks/4_7/log.err (or .out)
Launched triangulation for [16 / 66 chunks].
Logs in /cluster/work/cvl/qimaqi/cvpr_2025/datasets/MatrixCity/colmap_aerial/camera_calibration/raw_chunks/5_1/log.err (or .out)
Launched triangulation for [17 / 66 chunks].
Logs in /cluster/work/cvl/qimaqi/cvpr_2025/datasets/MatrixCity/colmap_aerial/camera_calibration/raw_chunks/7_4/log.err (or .out)
Launched triangulation for [18 / 66 chunks].
Logs in /cluster/work/cvl/qimaqi/cvpr_2025/datasets/MatrixCity/colmap_aerial/camera_calibration/raw_chunks/2_4/log.err (or .out)
Launched triangulation for [19 / 66 chunks].
Logs in /cluster/work/cvl/qimaqi/cvpr_2025/datasets/MatrixCity/colmap_aerial/camera_calibration/raw_chunks/2_6/log.err (or .out)
Launched triangulation for [20 / 66 chunks].
Logs in /cluster/work/cvl/qimaqi/cvpr_2025/datasets/MatrixCity/colmap_aerial/camera_calibration/raw_chunks/3_5/log.err (or .out)
Launched triangulation for [21 / 66 chunks].
Logs in /cluster/work/cvl/qimaqi/cvpr_2025/datasets/MatrixCity/colmap_aerial/camera_calibration/raw_chunks/6_6/log.err (or .out)
Launched triangulation for [22 / 66 chunks].
Logs in /cluster/work/cvl/qimaqi/cvpr_2025/datasets/MatrixCity/colmap_aerial/camera_calibration/raw_chunks/2_7/log.err (or .out)
Launched triangulation for [23 / 66 chunks].
Logs in /cluster/work/cvl/qimaqi/cvpr_2025/datasets/MatrixCity/colmap_aerial/camera_calibration/raw_chunks/3_7/log.err (or .out)
Launched triangulation for [24 / 66 chunks].
Logs in /cluster/work/cvl/qimaqi/cvpr_2025/datasets/MatrixCity/colmap_aerial/camera_calibration/raw_chunks/5_4/log.err (or .out)
Launched triangulation for [25 / 66 chunks].
Logs in /cluster/work/cvl/qimaqi/cvpr_2025/datasets/MatrixCity/colmap_aerial/camera_calibration/raw_chunks/2_1/log.err (or .out)
Launched triangulation for [26 / 66 chunks].
Logs in /cluster/work/cvl/qimaqi/cvpr_2025/datasets/MatrixCity/colmap_aerial/camera_calibration/raw_chunks/6_5/log.err (or .out)
Launched triangulation for [27 / 66 chunks].
Logs in /cluster/work/cvl/qimaqi/cvpr_2025/datasets/MatrixCity/colmap_aerial/camera_calibration/raw_chunks/3_4/log.err (or .out)
Launched triangulation for [28 / 66 chunks].
Logs in /cluster/work/cvl/qimaqi/cvpr_2025/datasets/MatrixCity/colmap_aerial/camera_calibration/raw_chunks/4_1/log.err (or .out)
Launched triangulation for [29 / 66 chunks].
Logs in /cluster/work/cvl/qimaqi/cvpr_2025/datasets/MatrixCity/colmap_aerial/camera_calibration/raw_chunks/5_7/log.err (or .out)
Launched triangulation for [30 / 66 chunks].
Logs in /cluster/work/cvl/qimaqi/cvpr_2025/datasets/MatrixCity/colmap_aerial/camera_calibration/raw_chunks/9_3/log.err (or .out)
Launched triangulation for [31 / 66 chunks].
Logs in /cluster/work/cvl/qimaqi/cvpr_2025/datasets/MatrixCity/colmap_aerial/camera_calibration/raw_chunks/1_4/log.err (or .out)
Launched triangulation for [32 / 66 chunks].
Logs in /cluster/work/cvl/qimaqi/cvpr_2025/datasets/MatrixCity/colmap_aerial/camera_calibration/raw_chunks/7_1/log.err (or .out)
Launched triangulation for [33 / 66 chunks].
Logs in /cluster/work/cvl/qimaqi/cvpr_2025/datasets/MatrixCity/colmap_aerial/camera_calibration/raw_chunks/5_5/log.err (or .out)
Launched triangulation for [34 / 66 chunks].
Logs in /cluster/work/cvl/qimaqi/cvpr_2025/datasets/MatrixCity/colmap_aerial/camera_calibration/raw_chunks/7_3/log.err (or .out)
Launched triangulation for [35 / 66 chunks].
Logs in /cluster/work/cvl/qimaqi/cvpr_2025/datasets/MatrixCity/colmap_aerial/camera_calibration/raw_chunks/3_2/log.err (or .out)
Launched triangulation for [36 / 66 chunks].
Logs in /cluster/work/cvl/qimaqi/cvpr_2025/datasets/MatrixCity/colmap_aerial/camera_calibration/raw_chunks/7_2/log.err (or .out)
Launched triangulation for [37 / 66 chunks].
Logs in /cluster/work/cvl/qimaqi/cvpr_2025/datasets/MatrixCity/colmap_aerial/camera_calibration/raw_chunks/9_2/log.err (or .out)
Launched triangulation for [38 / 66 chunks].
Logs in /cluster/work/cvl/qimaqi/cvpr_2025/datasets/MatrixCity/colmap_aerial/camera_calibration/raw_chunks/6_7/log.err (or .out)
Launched triangulation for [39 / 66 chunks].
Logs in /cluster/work/cvl/qimaqi/cvpr_2025/datasets/MatrixCity/colmap_aerial/camera_calibration/raw_chunks/8_2/log.err (or .out)
Launched triangulation for [40 / 66 chunks].
Logs in /cluster/work/cvl/qimaqi/cvpr_2025/datasets/MatrixCity/colmap_aerial/camera_calibration/raw_chunks/5_6/log.err (or .out)
Launched triangulation for [41 / 66 chunks].
Logs in /cluster/work/cvl/qimaqi/cvpr_2025/datasets/MatrixCity/colmap_aerial/camera_calibration/raw_chunks/7_5/log.err (or .out)
Launched triangulation for [42 / 66 chunks].
Logs in /cluster/work/cvl/qimaqi/cvpr_2025/datasets/MatrixCity/colmap_aerial/camera_calibration/raw_chunks/8_1/log.err (or .out)
Launched triangulation for [43 / 66 chunks].
Logs in /cluster/work/cvl/qimaqi/cvpr_2025/datasets/MatrixCity/colmap_aerial/camera_calibration/raw_chunks/3_1/log.err (or .out)
Launched triangulation for [44 / 66 chunks].
Logs in /cluster/work/cvl/qimaqi/cvpr_2025/datasets/MatrixCity/colmap_aerial/camera_calibration/raw_chunks/7_0/log.err (or .out)
Launched triangulation for [45 / 66 chunks].
Logs in /cluster/work/cvl/qimaqi/cvpr_2025/datasets/MatrixCity/colmap_aerial/camera_calibration/raw_chunks/3_6/log.err (or .out)
Launched triangulation for [46 / 66 chunks].
Logs in /cluster/work/cvl/qimaqi/cvpr_2025/datasets/MatrixCity/colmap_aerial/camera_calibration/raw_chunks/0_4/log.err (or .out)
Launched triangulation for [47 / 66 chunks].
Logs in /cluster/work/cvl/qimaqi/cvpr_2025/datasets/MatrixCity/colmap_aerial/camera_calibration/raw_chunks/1_2/log.err (or .out)
Launched triangulation for [48 / 66 chunks].
Logs in /cluster/work/cvl/qimaqi/cvpr_2025/datasets/MatrixCity/colmap_aerial/camera_calibration/raw_chunks/8_4/log.err (or .out)
Launched triangulation for [49 / 66 chunks].
Logs in /cluster/work/cvl/qimaqi/cvpr_2025/datasets/MatrixCity/colmap_aerial/camera_calibration/raw_chunks/9_1/log.err (or .out)
Launched triangulation for [50 / 66 chunks].
Logs in /cluster/work/cvl/qimaqi/cvpr_2025/datasets/MatrixCity/colmap_aerial/camera_calibration/raw_chunks/0_2/log.err (or .out)
Launched triangulation for [51 / 66 chunks].
Logs in /cluster/work/cvl/qimaqi/cvpr_2025/datasets/MatrixCity/colmap_aerial/camera_calibration/raw_chunks/0_3/log.err (or .out)
Launched triangulation for [52 / 66 chunks].
Logs in /cluster/work/cvl/qimaqi/cvpr_2025/datasets/MatrixCity/colmap_aerial/camera_calibration/raw_chunks/5_3/log.err (or .out)
Launched triangulation for [53 / 66 chunks].
Logs in /cluster/work/cvl/qimaqi/cvpr_2025/datasets/MatrixCity/colmap_aerial/camera_calibration/raw_chunks/4_5/log.err (or .out)
Launched triangulation for [54 / 66 chunks].
Logs in /cluster/work/cvl/qimaqi/cvpr_2025/datasets/MatrixCity/colmap_aerial/camera_calibration/raw_chunks/6_0/log.err (or .out)
Launched triangulation for [55 / 66 chunks].
Logs in /cluster/work/cvl/qimaqi/cvpr_2025/datasets/MatrixCity/colmap_aerial/camera_calibration/raw_chunks/1_3/log.err (or .out)
Launched triangulation for [56 / 66 chunks].
Logs in /cluster/work/cvl/qimaqi/cvpr_2025/datasets/MatrixCity/colmap_aerial/camera_calibration/raw_chunks/7_6/log.err (or .out)
Launched triangulation for [57 / 66 chunks].
Logs in /cluster/work/cvl/qimaqi/cvpr_2025/datasets/MatrixCity/colmap_aerial/camera_calibration/raw_chunks/2_2/log.err (or .out)
Launched triangulation for [58 / 66 chunks].
Logs in /cluster/work/cvl/qimaqi/cvpr_2025/datasets/MatrixCity/colmap_aerial/camera_calibration/raw_chunks/7_7/log.err (or .out)
Launched triangulation for [59 / 66 chunks].
Logs in /cluster/work/cvl/qimaqi/cvpr_2025/datasets/MatrixCity/colmap_aerial/camera_calibration/raw_chunks/8_3/log.err (or .out)
Launched triangulation for [60 / 66 chunks].
Logs in /cluster/work/cvl/qimaqi/cvpr_2025/datasets/MatrixCity/colmap_aerial/camera_calibration/raw_chunks/1_6/log.err (or .out)
Launched triangulation for [61 / 66 chunks].
Logs in /cluster/work/cvl/qimaqi/cvpr_2025/datasets/MatrixCity/colmap_aerial/camera_calibration/raw_chunks/6_1/log.err (or .out)
Launched triangulation for [62 / 66 chunks].
Logs in /cluster/work/cvl/qimaqi/cvpr_2025/datasets/MatrixCity/colmap_aerial/camera_calibration/raw_chunks/6_3/log.err (or .out)
Launched triangulation for [63 / 66 chunks].
Logs in /cluster/work/cvl/qimaqi/cvpr_2025/datasets/MatrixCity/colmap_aerial/camera_calibration/raw_chunks/4_0/log.err (or .out)
Launched triangulation for [64 / 66 chunks].
Logs in /cluster/work/cvl/qimaqi/cvpr_2025/datasets/MatrixCity/colmap_aerial/camera_calibration/raw_chunks/2_3/log.err (or .out)
Launched triangulation for [65 / 66 chunks].
Logs in /cluster/work/cvl/qimaqi/cvpr_2025/datasets/MatrixCity/colmap_aerial/camera_calibration/raw_chunks/8_5/log.err (or .out)
Launched triangulation for [66 / 66 chunks].
Logs in /cluster/work/cvl/qimaqi/cvpr_2025/datasets/MatrixCity/colmap_aerial/camera_calibration/raw_chunks/5_0/log.err (or .out)
chunks successfully prepared in 181.30115991830826 minutes.
